{"name": "test_login_ddt", "status": "failed", "statusDetails": {"message": "AssertionError: assert False", "trace": "self = <testcases.test_login_ddt.Test_Login_DDT object at 0x000002DFC5900190>\nsetup = <selenium.webdriver.chrome.webdriver.WebDriver (session=\"39cf78d826dbfeeebe54455e5931d177\")>\n\n    def test_login_ddt(self,setup):\n        self.driver = setup\n        self.log.info(\"Opening browser\")\n        self.lp = Login(self.driver)\n        rl= xlutilis.RowCount(self.fpath,'Sheet1')\n        print(rl)\n        status_list = []\n        for r in range(2,rl+1):\n            username = xlutilis.ReadData(self.fpath,'Sheet1',r,2)\n            password = xlutilis.ReadData(self.fpath,'Sheet1',r,3)\n            exp_result = xlutilis.ReadData(self.fpath,'Sheet1',r,4)\n            self.lp.Enter_Username(username)\n            self.log.info(\"Enter Username\")\n            self.lp.Enter_Password(password)\n            self.log.info(\"Enter Password\")\n            self.lp.Click_Login()\n            self.log.info(\"Click login\")\n            if self.lp.Status() == True:\n                status_list.append('pass')\n                xlutilis.WriteData(self.fpath, 'Sheet1', r, 5, 'pass')\n                self.driver.save_screenshot(f\".\\\\screenshots\\\\{username}_{password}.png\")\n                self.log.info(\"Take screenshot\")\n                if exp_result=='pass':\n                    xlutilis.WriteData(self.fpath,'Sheet1',r,6,'pass')\n                else:\n                    xlutilis.WriteData(self.fpath, 'Sheet1', r, 6, 'fail')\n                self.lp.Click_Logout()\n                self.log.info(\"Click Logout\")\n    \n            elif self.lp.Status() == False:\n                xlutilis.WriteData(self.fpath, 'Sheet1', r, 5, 'fail')\n                status_list.append('fail')\n                self.driver.save_screenshot(f\".\\\\screenshots\\\\{username}_{password}.png\")\n                self.log.info(\"Take screenshot\")\n                if exp_result == 'pass':\n                    xlutilis.WriteData(self.fpath, 'Sheet1', r, 5, 'fail')\n                else:\n                    xlutilis.WriteData(self.fpath, 'Sheet1', r, 5, 'pass')\n    \n        print(status_list)\n        if 'fail' not in status_list:\n            self.log.info(\"Test is passed\\n\")\n            assert True\n    \n        else:\n            self.log.info(\"Test is failed\\n\")\n>           assert False\nE           assert False\n\ntestcases\\test_login_ddt.py:55: AssertionError"}, "attachments": [{"name": "log", "source": "0df1c452-9ac7-4dbe-8aa6-d8024a5e9dd1-attachment.txt", "type": "text/plain"}], "start": 1694072453262, "stop": 1694072458925, "uuid": "44942994-f70a-46ad-9187-0012ce4ea38f", "historyId": "30a98900d001c0337497cbd4d193b1e6", "testCaseId": "30a98900d001c0337497cbd4d193b1e6", "fullName": "testcases.test_login_ddt.Test_Login_DDT#test_login_ddt", "labels": [{"name": "parentSuite", "value": "testcases"}, {"name": "suite", "value": "test_login_ddt"}, {"name": "subSuite", "value": "Test_Login_DDT"}, {"name": "host", "value": "DESKTOP-R8T5E19"}, {"name": "thread", "value": "12292-MainThread"}, {"name": "framework", "value": "pytest"}, {"name": "language", "value": "cpython3"}, {"name": "package", "value": "testcases.test_login_ddt"}]}